=== puma startup: 2016-04-07 14:41:08 -0700 ===
=== puma startup: 2016-04-07 14:46:01 -0700 ===
=== puma startup: 2016-04-07 16:15:36 -0700 ===
=== puma startup: 2016-04-08 11:47:24 -0700 ===
2016-04-08 11:48:14 -0700: Rack app error: #<RuntimeError: Missing `secret_token` and `secret_key_base` for 'production' environment, set these values in `config/secrets.yml`>
/home/deploy/.rbenv/versions/2.3.0/lib/ruby/gems/2.3.0/gems/railties-4.2.6/lib/rails/application.rb:534:in `validate_secret_key_config!'
/home/deploy/.rbenv/versions/2.3.0/lib/ruby/gems/2.3.0/gems/railties-4.2.6/lib/rails/application.rb:246:in `env_config'
/home/deploy/.rbenv/versions/2.3.0/lib/ruby/gems/2.3.0/gems/railties-4.2.6/lib/rails/engine.rb:514:in `call'
/home/deploy/.rbenv/versions/2.3.0/lib/ruby/gems/2.3.0/gems/railties-4.2.6/lib/rails/application.rb:165:in `call'
/home/deploy/.rbenv/versions/2.3.0/lib/ruby/gems/2.3.0/gems/puma-3.3.0/lib/puma/configuration.rb:224:in `call'
/home/deploy/.rbenv/versions/2.3.0/lib/ruby/gems/2.3.0/gems/puma-3.3.0/lib/puma/server.rb:561:in `handle_request'
/home/deploy/.rbenv/versions/2.3.0/lib/ruby/gems/2.3.0/gems/puma-3.3.0/lib/puma/server.rb:406:in `process_client'
/home/deploy/.rbenv/versions/2.3.0/lib/ruby/gems/2.3.0/gems/puma-3.3.0/lib/puma/server.rb:271:in `block in run'
/home/deploy/.rbenv/versions/2.3.0/lib/ruby/gems/2.3.0/gems/puma-3.3.0/lib/puma/thread_pool.rb:111:in `block in spawn_thread'
2016-04-08 11:51:05 -0700: Rack app error: #<RuntimeError: Missing `secret_token` and `secret_key_base` for 'production' environment, set these values in `config/secrets.yml`>
/home/deploy/.rbenv/versions/2.3.0/lib/ruby/gems/2.3.0/gems/railties-4.2.6/lib/rails/application.rb:534:in `validate_secret_key_config!'
/home/deploy/.rbenv/versions/2.3.0/lib/ruby/gems/2.3.0/gems/railties-4.2.6/lib/rails/application.rb:246:in `env_config'
/home/deploy/.rbenv/versions/2.3.0/lib/ruby/gems/2.3.0/gems/railties-4.2.6/lib/rails/engine.rb:514:in `call'
/home/deploy/.rbenv/versions/2.3.0/lib/ruby/gems/2.3.0/gems/railties-4.2.6/lib/rails/application.rb:165:in `call'
/home/deploy/.rbenv/versions/2.3.0/lib/ruby/gems/2.3.0/gems/puma-3.3.0/lib/puma/configuration.rb:224:in `call'
/home/deploy/.rbenv/versions/2.3.0/lib/ruby/gems/2.3.0/gems/puma-3.3.0/lib/puma/server.rb:561:in `handle_request'
/home/deploy/.rbenv/versions/2.3.0/lib/ruby/gems/2.3.0/gems/puma-3.3.0/lib/puma/server.rb:406:in `process_client'
/home/deploy/.rbenv/versions/2.3.0/lib/ruby/gems/2.3.0/gems/puma-3.3.0/lib/puma/server.rb:271:in `block in run'
/home/deploy/.rbenv/versions/2.3.0/lib/ruby/gems/2.3.0/gems/puma-3.3.0/lib/puma/thread_pool.rb:111:in `block in spawn_thread'
2016-04-08 11:51:08 -0700: Rack app error: #<RuntimeError: Missing `secret_token` and `secret_key_base` for 'production' environment, set these values in `config/secrets.yml`>
/home/deploy/.rbenv/versions/2.3.0/lib/ruby/gems/2.3.0/gems/railties-4.2.6/lib/rails/application.rb:534:in `validate_secret_key_config!'
/home/deploy/.rbenv/versions/2.3.0/lib/ruby/gems/2.3.0/gems/railties-4.2.6/lib/rails/application.rb:246:in `env_config'
/home/deploy/.rbenv/versions/2.3.0/lib/ruby/gems/2.3.0/gems/railties-4.2.6/lib/rails/engine.rb:514:in `call'
/home/deploy/.rbenv/versions/2.3.0/lib/ruby/gems/2.3.0/gems/railties-4.2.6/lib/rails/application.rb:165:in `call'
/home/deploy/.rbenv/versions/2.3.0/lib/ruby/gems/2.3.0/gems/puma-3.3.0/lib/puma/configuration.rb:224:in `call'
/home/deploy/.rbenv/versions/2.3.0/lib/ruby/gems/2.3.0/gems/puma-3.3.0/lib/puma/server.rb:561:in `handle_request'
/home/deploy/.rbenv/versions/2.3.0/lib/ruby/gems/2.3.0/gems/puma-3.3.0/lib/puma/server.rb:406:in `process_client'
/home/deploy/.rbenv/versions/2.3.0/lib/ruby/gems/2.3.0/gems/puma-3.3.0/lib/puma/server.rb:271:in `block in run'
/home/deploy/.rbenv/versions/2.3.0/lib/ruby/gems/2.3.0/gems/puma-3.3.0/lib/puma/thread_pool.rb:111:in `block in spawn_thread'
2016-04-08 12:05:00 -0700: Rack app error: #<RuntimeError: Missing `secret_token` and `secret_key_base` for 'production' environment, set these values in `config/secrets.yml`>
/home/deploy/.rbenv/versions/2.3.0/lib/ruby/gems/2.3.0/gems/railties-4.2.6/lib/rails/application.rb:534:in `validate_secret_key_config!'
/home/deploy/.rbenv/versions/2.3.0/lib/ruby/gems/2.3.0/gems/railties-4.2.6/lib/rails/application.rb:246:in `env_config'
/home/deploy/.rbenv/versions/2.3.0/lib/ruby/gems/2.3.0/gems/railties-4.2.6/lib/rails/engine.rb:514:in `call'
/home/deploy/.rbenv/versions/2.3.0/lib/ruby/gems/2.3.0/gems/railties-4.2.6/lib/rails/application.rb:165:in `call'
/home/deploy/.rbenv/versions/2.3.0/lib/ruby/gems/2.3.0/gems/puma-3.3.0/lib/puma/configuration.rb:224:in `call'
/home/deploy/.rbenv/versions/2.3.0/lib/ruby/gems/2.3.0/gems/puma-3.3.0/lib/puma/server.rb:561:in `handle_request'
/home/deploy/.rbenv/versions/2.3.0/lib/ruby/gems/2.3.0/gems/puma-3.3.0/lib/puma/server.rb:406:in `process_client'
/home/deploy/.rbenv/versions/2.3.0/lib/ruby/gems/2.3.0/gems/puma-3.3.0/lib/puma/server.rb:271:in `block in run'
/home/deploy/.rbenv/versions/2.3.0/lib/ruby/gems/2.3.0/gems/puma-3.3.0/lib/puma/thread_pool.rb:111:in `block in spawn_thread'
2016-04-08 12:05:01 -0700: Rack app error: #<RuntimeError: Missing `secret_token` and `secret_key_base` for 'production' environment, set these values in `config/secrets.yml`>
/home/deploy/.rbenv/versions/2.3.0/lib/ruby/gems/2.3.0/gems/railties-4.2.6/lib/rails/application.rb:534:in `validate_secret_key_config!'
/home/deploy/.rbenv/versions/2.3.0/lib/ruby/gems/2.3.0/gems/railties-4.2.6/lib/rails/application.rb:246:in `env_config'
/home/deploy/.rbenv/versions/2.3.0/lib/ruby/gems/2.3.0/gems/railties-4.2.6/lib/rails/engine.rb:514:in `call'
/home/deploy/.rbenv/versions/2.3.0/lib/ruby/gems/2.3.0/gems/railties-4.2.6/lib/rails/application.rb:165:in `call'
/home/deploy/.rbenv/versions/2.3.0/lib/ruby/gems/2.3.0/gems/puma-3.3.0/lib/puma/configuration.rb:224:in `call'
/home/deploy/.rbenv/versions/2.3.0/lib/ruby/gems/2.3.0/gems/puma-3.3.0/lib/puma/server.rb:561:in `handle_request'
/home/deploy/.rbenv/versions/2.3.0/lib/ruby/gems/2.3.0/gems/puma-3.3.0/lib/puma/server.rb:406:in `process_client'
/home/deploy/.rbenv/versions/2.3.0/lib/ruby/gems/2.3.0/gems/puma-3.3.0/lib/puma/server.rb:271:in `block in run'
/home/deploy/.rbenv/versions/2.3.0/lib/ruby/gems/2.3.0/gems/puma-3.3.0/lib/puma/thread_pool.rb:111:in `block in spawn_thread'
2016-04-08 12:07:33 -0700: Rack app error: #<RuntimeError: Missing `secret_token` and `secret_key_base` for 'production' environment, set these values in `config/secrets.yml`>
/home/deploy/.rbenv/versions/2.3.0/lib/ruby/gems/2.3.0/gems/railties-4.2.6/lib/rails/application.rb:534:in `validate_secret_key_config!'
/home/deploy/.rbenv/versions/2.3.0/lib/ruby/gems/2.3.0/gems/railties-4.2.6/lib/rails/application.rb:246:in `env_config'
/home/deploy/.rbenv/versions/2.3.0/lib/ruby/gems/2.3.0/gems/railties-4.2.6/lib/rails/engine.rb:514:in `call'
/home/deploy/.rbenv/versions/2.3.0/lib/ruby/gems/2.3.0/gems/railties-4.2.6/lib/rails/application.rb:165:in `call'
/home/deploy/.rbenv/versions/2.3.0/lib/ruby/gems/2.3.0/gems/puma-3.3.0/lib/puma/configuration.rb:224:in `call'
/home/deploy/.rbenv/versions/2.3.0/lib/ruby/gems/2.3.0/gems/puma-3.3.0/lib/puma/server.rb:561:in `handle_request'
/home/deploy/.rbenv/versions/2.3.0/lib/ruby/gems/2.3.0/gems/puma-3.3.0/lib/puma/server.rb:406:in `process_client'
/home/deploy/.rbenv/versions/2.3.0/lib/ruby/gems/2.3.0/gems/puma-3.3.0/lib/puma/server.rb:271:in `block in run'
/home/deploy/.rbenv/versions/2.3.0/lib/ruby/gems/2.3.0/gems/puma-3.3.0/lib/puma/thread_pool.rb:111:in `block in spawn_thread'
2016-04-08 12:07:36 -0700: Rack app error: #<RuntimeError: Missing `secret_token` and `secret_key_base` for 'production' environment, set these values in `config/secrets.yml`>
/home/deploy/.rbenv/versions/2.3.0/lib/ruby/gems/2.3.0/gems/railties-4.2.6/lib/rails/application.rb:534:in `validate_secret_key_config!'
/home/deploy/.rbenv/versions/2.3.0/lib/ruby/gems/2.3.0/gems/railties-4.2.6/lib/rails/application.rb:246:in `env_config'
/home/deploy/.rbenv/versions/2.3.0/lib/ruby/gems/2.3.0/gems/railties-4.2.6/lib/rails/engine.rb:514:in `call'
/home/deploy/.rbenv/versions/2.3.0/lib/ruby/gems/2.3.0/gems/railties-4.2.6/lib/rails/application.rb:165:in `call'
/home/deploy/.rbenv/versions/2.3.0/lib/ruby/gems/2.3.0/gems/puma-3.3.0/lib/puma/configuration.rb:224:in `call'
/home/deploy/.rbenv/versions/2.3.0/lib/ruby/gems/2.3.0/gems/puma-3.3.0/lib/puma/server.rb:561:in `handle_request'
/home/deploy/.rbenv/versions/2.3.0/lib/ruby/gems/2.3.0/gems/puma-3.3.0/lib/puma/server.rb:406:in `process_client'
/home/deploy/.rbenv/versions/2.3.0/lib/ruby/gems/2.3.0/gems/puma-3.3.0/lib/puma/server.rb:271:in `block in run'
/home/deploy/.rbenv/versions/2.3.0/lib/ruby/gems/2.3.0/gems/puma-3.3.0/lib/puma/thread_pool.rb:111:in `block in spawn_thread'
=== puma startup: 2016-04-08 12:08:23 -0700 ===
=== puma startup: 2016-04-08 16:14:47 -0700 ===
